<?xml version="1.0" encoding="UTF-8"?>
<!-- Generated by org.testng.reporters.JUnitReportReporter -->
<testsuite hostname="Hameed" failures="0" tests="8" name="test.TestExecution" time="79.675" errors="0" timestamp="2024-07-25T16:00:34 IST" skipped="0">
  <testcase classname="test.TestExecution" name="validateloginFunction" time="7.672"/>
  <system-out/>
  <testcase classname="test.TestExecution" name="validateloginFunction" time="11.112"/>
  <system-out/>
  <testcase classname="test.TestExecution" name="validateloginFunction" time="7.518"/>
  <system-out/>
  <testcase classname="test.TestExecution" name="validateloginFunction" time="6.761"/>
  <system-out/>
  <testcase classname="test.TestExecution" name="validateAppointmentBooking" time="14.277"/>
  <system-out/>
  <testcase classname="test.TestExecution" name="validateAppointmentBookingInHistoryField" time="8.870"/>
  <system-out/>
  <testcase classname="test.TestExecution" name="validateHistoryFieldWithoutBooking" time="12.400"/>
  <system-out/>
  <testcase classname="test.TestExecution" name="validateEndToEnd" time="11.065"/>
  <system-out/>
</testsuite> <!-- test.TestExecution -->
